2025-08-10 15:52:00 | DEBUG | repo=pv243-a4m36jee-2018-security-seminar | action=test | passed=true
2025-04-02 14:07:00 | DEBUG | repo=pv243-a4m36jee-2018-security-seminar | action=commit
2025-11-20 18:57:00 | INFO | repo=pv243-a4m36jee-2018-security-seminar | action=commit
2025-05-28 17:34:00 | DEBUG | repo=pv243-a4m36jee-2018-security-seminar | action=commit
2025-10-23 20:44:00 | WARN | repo=pv243-a4m36jee-2018-security-seminar | action=commit
2025-06-05 19:48:00 | INFO | repo=pv243-a4m36jee-2018-security-seminar | action=commit
2025-06-18 11:12:00 | WARN | repo=pv243-a4m36jee-2018-security-seminar | action=edit | files=2
2025-03-01 21:46:00 | DEBUG | repo=pv243-a4m36jee-2018-security-seminar | action=test | passed=true
2025-02-10 15:21:00 | WARN | repo=pv243-a4m36jee-2018-security-seminar | action=edit | files=1
2025-04-18 09:45:00 | INFO | repo=pv243-a4m36jee-2018-security-seminar | action=commit
2025-06-28 17:55:00 | WARN | repo=pv243-a4m36jee-2018-security-seminar | action=commit
2025-09-06 19:43:00 | DEBUG | repo=pv243-a4m36jee-2018-security-seminar | action=test | passed=true
2025-03-11 20:58:00 | WARN | repo=pv243-a4m36jee-2018-security-seminar | action=commit
2025-01-05 18:48:00 | WARN | repo=pv243-a4m36jee-2018-security-seminar | action=pull
2025-12-05 12:43:00 | WARN | repo=pv243-a4m36jee-2018-security-seminar | action=commit
2025-07-06 08:13:00 | INFO | repo=pv243-a4m36jee-2018-security-seminar | action=commit
2025-03-09 07:37:00 | DEBUG | repo=pv243-a4m36jee-2018-security-seminar | action=commit
2025-06-20 11:02:00 | DEBUG | repo=pv243-a4m36jee-2018-security-seminar | action=commit
2025-05-24 20:15:00 | INFO | repo=pv243-a4m36jee-2018-security-seminar | action=test | passed=true
2025-03-13 13:53:00 | DEBUG | repo=pv243-a4m36jee-2018-security-seminar | action=commit
2025-07-08 19:01:00 | WARN | repo=pv243-a4m36jee-2018-security-seminar | action=edit | files=3
2025-03-14 10:52:00 | INFO | repo=pv243-a4m36jee-2018-security-seminar | action=test | passed=true
2025-06-20 08:58:00 | INFO | repo=pv243-a4m36jee-2018-security-seminar | action=edit | files=1
2025-01-02 15:36:00 | WARN | repo=pv243-a4m36jee-2018-security-seminar | action=pull
2025-11-02 07:58:00 | INFO | repo=pv243-a4m36jee-2018-security-seminar | action=commit
2025-06-17 12:43:00 | DEBUG | repo=pv243-a4m36jee-2018-security-seminar | action=pull
2025-11-10 08:48:00 | INFO | repo=pv243-a4m36jee-2018-security-seminar | action=commit
2025-09-25 09:02:00 | WARN | repo=pv243-a4m36jee-2018-security-seminar | action=pull
2025-09-04 08:34:00 | WARN | repo=pv243-a4m36jee-2018-security-seminar | action=edit | files=2
2025-09-10 13:32:00 | WARN | repo=pv243-a4m36jee-2018-security-seminar | action=pull
2025-11-14 11:45:00 | INFO | repo=pv243-a4m36jee-2018-security-seminar | action=edit | files=3
2025-12-06 08:36:00 | WARN | repo=pv243-a4m36jee-2018-security-seminar | action=commit
2025-06-24 18:48:00 | WARN | repo=pv243-a4m36jee-2018-security-seminar | action=test | passed=true
2025-10-14 07:23:00 | WARN | repo=pv243-a4m36jee-2018-security-seminar | action=pull
2025-04-06 14:42:00 | INFO | repo=pv243-a4m36jee-2018-security-seminar | action=commit
2025-11-11 09:39:00 | INFO | repo=pv243-a4m36jee-2018-security-seminar | action=commit
2025-06-16 12:27:00 | DEBUG | repo=pv243-a4m36jee-2018-security-seminar | action=commit
2025-10-08 18:17:00 | DEBUG | repo=pv243-a4m36jee-2018-security-seminar | action=edit | files=4
2025-11-18 17:51:00 | INFO | repo=pv243-a4m36jee-2018-security-seminar | action=edit | files=2
2025-03-25 12:20:00 | WARN | repo=pv243-a4m36jee-2018-security-seminar | action=commit
2025-06-12 18:29:00 | INFO | repo=pv243-a4m36jee-2018-security-seminar | action=commit
2025-03-23 15:55:00 | INFO | repo=pv243-a4m36jee-2018-security-seminar | action=commit
2025-05-12 07:48:00 | DEBUG | repo=pv243-a4m36jee-2018-security-seminar | action=commit
2025-06-18 21:42:00 | WARN | repo=pv243-a4m36jee-2018-security-seminar | action=test | passed=true
2025-10-25 17:54:00 | WARN | repo=pv243-a4m36jee-2018-security-seminar | action=commit
2025-07-17 14:18:00 | INFO | repo=pv243-a4m36jee-2018-security-seminar | action=commit
2025-08-07 08:39:00 | INFO | repo=pv243-a4m36jee-2018-security-seminar | action=test | passed=true
2025-03-09 17:05:00 | DEBUG | repo=pv243-a4m36jee-2018-security-seminar | action=pull
2025-03-09 10:19:00 | DEBUG | repo=pv243-a4m36jee-2018-security-seminar | action=commit
2025-10-08 08:19:00 | INFO | repo=pv243-a4m36jee-2018-security-seminar | action=edit | files=4
2025-04-15 07:43:00 | WARN | repo=pv243-a4m36jee-2018-security-seminar | action=commit
